<?xml version="1.0" encoding="UTF-8"?>
<beans xmlns="http://www.springframework.org/schema/beans" xmlns:p="http://www.springframework.org/schema/p" xmlns:xsi="http://www.w3.org/2001/XMLSchema-instance"
	xmlns:aop="http://www.springframework.org/schema/aop"
	xsi:schemaLocation="http://www.springframework.org/schema/beans http://www.springframework.org/schema/beans/spring-beans-3.0.xsd
	http://www.springframework.org/schema/aop http://www.springframework.org/schema/aop/spring-aop-3.0.xsd">

	<import resource="classpath:egovframework/spring/com/context-aspect.xml" />
	<import resource="classpath:egovframework/spring/com/context-common.xml" />
	<import resource="classpath:egovframework/spring/com/context-datasource.xml" />
	<!-- <import resource="classpath:egovframework/spring/com/context-excel.xml"/> -->
	<import resource="classpath:egovframework/spring/com/context-idgen.xml" />
	<!-- <import resource="classpath:egovframework/spring/com/context-mail.xml" /> -->
	<import resource="classpath:egovframework/spring/com/context-properties.xml" />
	<import resource="classpath:egovframework/spring/com/context-sqlMap.xml" />
	<import resource="classpath:egovframework/spring/com/context-transaction.xml" />

</beans>